<?xml version="1.0" encoding="UTF-8"?>
<!-- Generated by org.testng.reporters.JUnitReportReporter -->
<testsuite hostname="22F1JL3" failures="0" tests="4" name="InterviewsPackage.Firefox_Selenium2" time="0.002" errors="0" timestamp="2024-08-04T12:02:41 IST" skipped="0">
  <testcase classname="InterviewsPackage.Firefox_Selenium2" name="chrometest10" time="0.001"/>
  <testcase classname="InterviewsPackage.Firefox_Selenium2" name="chrometest11" time="0.000"/>
  <testcase classname="InterviewsPackage.Firefox_Selenium2" name="chrometest12" time="0.000"/>
  <testcase classname="InterviewsPackage.Firefox_Selenium2" name="chrometest9" time="0.001"/>
</testsuite> <!-- InterviewsPackage.Firefox_Selenium2 -->
