<?xml version="1.0" encoding="UTF-8"?>
<!-- Generated by org.testng.reporters.JUnitReportReporter -->
<testsuite hostname="22F1JL3" failures="0" tests="12" name="Main_CrossBrowser.CrossBrowserTest" time="49.342" errors="0" timestamp="2024-08-11T21:19:54 IST" skipped="0">
  <testcase classname="Main_CrossBrowser.CrossBrowserTest" name="loginTest" time="3.026"/>
  <testcase classname="Main_CrossBrowser.CrossBrowserTest" name="loginTest" time="7.107"/>
  <testcase classname="Main_CrossBrowser.CrossBrowserTest" name="loginTest" time="4.025"/>
  <testcase classname="Main_CrossBrowser.CrossBrowserTest" name="loginTest" time="3.228"/>
  <testcase classname="Main_CrossBrowser.CrossBrowserTest" name="loginTest" time="6.472"/>
  <testcase classname="Main_CrossBrowser.CrossBrowserTest" name="loginTest" time="6.625"/>
  <testcase classname="Main_CrossBrowser.CrossBrowserTest" name="loginTest" time="3.023"/>
  <testcase classname="Main_CrossBrowser.CrossBrowserTest" name="loginTest" time="3.160"/>
  <testcase classname="Main_CrossBrowser.CrossBrowserTest" name="loginTest" time="3.293"/>
  <testcase classname="Main_CrossBrowser.CrossBrowserTest" name="loginTest" time="2.988"/>
  <testcase classname="Main_CrossBrowser.CrossBrowserTest" name="loginTest" time="3.049"/>
  <testcase classname="Main_CrossBrowser.CrossBrowserTest" name="loginTest" time="3.346"/>
</testsuite> <!-- Main_CrossBrowser.CrossBrowserTest -->
