<?xml version="1.0" encoding="UTF-8"?>
<!-- Generated by org.testng.reporters.JUnitReportReporter -->
<testsuite hostname="22F1JL3" failures="0" tests="4" name="InterviewsPackage.Edge_Selenium3" time="0.003" errors="0" timestamp="2024-08-04T12:02:41 IST" skipped="0">
  <testcase classname="InterviewsPackage.Edge_Selenium3" name="chrometest6" time="0.001"/>
  <testcase classname="InterviewsPackage.Edge_Selenium3" name="chrometest8" time="0.000"/>
  <testcase classname="InterviewsPackage.Edge_Selenium3" name="chrometest5" time="0.001"/>
  <testcase classname="InterviewsPackage.Edge_Selenium3" name="chrometest7" time="0.001"/>
</testsuite> <!-- InterviewsPackage.Edge_Selenium3 -->
