<?xml version="1.0" encoding="UTF-8"?>
<!-- Generated by org.testng.reporters.JUnitReportReporter -->
<testsuite hostname="22F1JL3" failures="0" tests="2" name="CrossBrowser_Package.Firefox_Selenium3" time="0.002" errors="0" timestamp="2024-08-04T16:36:48 IST" skipped="0">
  <testcase classname="CrossBrowser_Package.Firefox_Selenium3" name="chrometest9" time="0.001"/>
  <testcase classname="CrossBrowser_Package.Firefox_Selenium3" name="chrometest10" time="0.001"/>
</testsuite> <!-- CrossBrowser_Package.Firefox_Selenium3 -->
