<?xml version="1.0" encoding="UTF-8"?>
<!-- Generated by org.testng.reporters.JUnitReportReporter -->
<testsuite hostname="22F1JL3" failures="0" tests="2" name="InterviewsPackage.Chrome_Selenium1" time="0.008" errors="0" timestamp="2024-08-04T12:25:38 IST" skipped="0">
  <testcase classname="InterviewsPackage.Chrome_Selenium1" name="chrometest2" time="0.001"/>
  <testcase classname="InterviewsPackage.Chrome_Selenium1" name="chrometest1" time="0.007"/>
</testsuite> <!-- InterviewsPackage.Chrome_Selenium1 -->
