<?xml version="1.0" encoding="UTF-8"?>
<!-- Generated by org.testng.reporters.JUnitReportReporter -->
<testsuite hostname="22F1JL3" failures="0" tests="3" name="CrossBrowser_Package.Edge_Selenium2" time="0.003" errors="0" timestamp="2024-08-04T16:36:48 IST" skipped="0">
  <testcase classname="CrossBrowser_Package.Edge_Selenium2" name="chrometest5" time="0.002"/>
  <testcase classname="CrossBrowser_Package.Edge_Selenium2" name="chrometest6" time="0.001"/>
  <testcase classname="CrossBrowser_Package.Edge_Selenium2" name="chrometest7" time="0.000"/>
</testsuite> <!-- CrossBrowser_Package.Edge_Selenium2 -->
