<?xml version="1.0" encoding="UTF-8"?>
<!-- Generated by org.testng.reporters.JUnitReportReporter -->
<testsuite hostname="22F1JL3" failures="0" tests="2" name="InterviewsPackage.Firefox_Selenium3" time="0.001" errors="0" timestamp="2024-08-04T12:25:38 IST" skipped="0">
  <testcase classname="InterviewsPackage.Firefox_Selenium3" name="chrometest9" time="0.001"/>
  <testcase classname="InterviewsPackage.Firefox_Selenium3" name="chrometest10" time="0.000"/>
</testsuite> <!-- InterviewsPackage.Firefox_Selenium3 -->
