<?xml version="1.0" encoding="UTF-8"?>
<!-- Generated by org.testng.reporters.JUnitReportReporter -->
<testsuite hostname="22F1JL3" failures="0" tests="4" name="InterviewsPackage.CrossBrowser_Selenium" time="0.003" errors="0" timestamp="2024-08-04T11:46:45 IST" skipped="0">
  <testcase classname="InterviewsPackage.CrossBrowser_Selenium" name="chrometest1" time="0.001"/>
  <testcase classname="InterviewsPackage.CrossBrowser_Selenium" name="chrometest2" time="0.001"/>
  <testcase classname="InterviewsPackage.CrossBrowser_Selenium" name="chrometest3" time="0.001"/>
  <testcase classname="InterviewsPackage.CrossBrowser_Selenium" name="chrometest4" time="0.000"/>
</testsuite> <!-- InterviewsPackage.CrossBrowser_Selenium -->
