<?xml version="1.0" encoding="UTF-8"?>
<!-- Generated by org.testng.reporters.JUnitReportReporter -->
<testsuite hostname="22F1JL3" failures="0" tests="2" name="CrossBrowser_Package.Chrome_Selenium1" time="0.010" errors="0" timestamp="2024-08-04T16:36:48 IST" skipped="0">
  <testcase classname="CrossBrowser_Package.Chrome_Selenium1" name="chrometest2" time="0.001"/>
  <testcase classname="CrossBrowser_Package.Chrome_Selenium1" name="chrometest1" time="0.009"/>
</testsuite> <!-- CrossBrowser_Package.Chrome_Selenium1 -->
