<?xml version="1.0" encoding="UTF-8"?>
<!-- Generated by org.testng.reporters.JUnitReportReporter -->
<testsuite hostname="22F1JL3" failures="0" tests="12" name="Main_CrossBrowser.CrossBrowserTest" time="51.926" errors="0" timestamp="2024-08-12T09:47:33 IST" skipped="0">
  <testcase classname="Main_CrossBrowser.CrossBrowserTest" name="loginTest" time="3.747"/>
  <testcase classname="Main_CrossBrowser.CrossBrowserTest" name="loginTest" time="3.088"/>
  <testcase classname="Main_CrossBrowser.CrossBrowserTest" name="loginTest" time="3.898"/>
  <testcase classname="Main_CrossBrowser.CrossBrowserTest" name="loginTest" time="3.151"/>
  <testcase classname="Main_CrossBrowser.CrossBrowserTest" name="loginTest" time="3.268"/>
  <testcase classname="Main_CrossBrowser.CrossBrowserTest" name="loginTest" time="6.549"/>
  <testcase classname="Main_CrossBrowser.CrossBrowserTest" name="loginTest" time="3.223"/>
  <testcase classname="Main_CrossBrowser.CrossBrowserTest" name="loginTest" time="3.364"/>
  <testcase classname="Main_CrossBrowser.CrossBrowserTest" name="loginTest" time="3.990"/>
  <testcase classname="Main_CrossBrowser.CrossBrowserTest" name="loginTest" time="6.530"/>
  <testcase classname="Main_CrossBrowser.CrossBrowserTest" name="loginTest" time="7.532"/>
  <testcase classname="Main_CrossBrowser.CrossBrowserTest" name="loginTest" time="3.586"/>
</testsuite> <!-- Main_CrossBrowser.CrossBrowserTest -->
